  Building 'SebwettKM' with toolset 'WindowsKernelModeDriver10.0' and the 'Universal' target platform.
  Stamping Build\Intermediate\SebwettKM\Release\RWH.inf
  Stamping [Version] section with DriverVer=06/22/2026,20.52.53.620
  Assembling Core\ASM\module.asm...
  Assembling Modules\MouseMove\mouse.asm...
  IoControl.cpp
  Utility.cpp
  Driverinit.cpp
  Entry.cpp
  Decryption.cpp
  FunctionBlocker.cpp
  Functions.cpp
  Hooks.cpp
  Log.cpp
  AllocateVirtual.cpp
  FreeVirtual.cpp
  ProtectVirtual.cpp
  QueryInformation.cpp
  SwapVirtual.cpp
  Write.cpp
  Base.cpp
C:\Users\ego\Desktop\W10 and W11 Driver\Modules\MemoryAccess\WriteHandler\Write.cpp(25,24): warning C4996: 'ExAllocatePoolWithTag': ExAllocatePoolWithTag is deprecated, use ExAllocatePool2.
  EProcess.cpp
  Peb.cpp
  PML4.cpp
  Read.cpp
C:\Users\ego\Desktop\W10 and W11 Driver\Modules\MemoryAccess\ReadHandler\Read.cpp(24,33): warning C4996: 'ExAllocatePoolWithTag': ExAllocatePoolWithTag is deprecated, use ExAllocatePool2.
  Generating Code...
  Compiling...
  RWX.cpp
  MouseMove.cpp
  Spoofer.cpp
  Generating Code...
  RWH.vcxproj -> C:\Users\ego\Desktop\W10 and W11 Driver\Build\Release\WinKnlHook.sys
  Driver is 'Universal'.
  DrvCat task was skipped as there was no catalog file to process
  
